Auto-commit started (interval: 60s, push: 0)
Press Ctrl+C to stop

[main 82850bf] auto: 2026-02-12 20:00
 4 files changed, 132 insertions(+), 63 deletions(-)
 create mode 100644 auto-commit.log
 create mode 100755 auto-commit.sh
[20:00:38] Committed: auto: 2026-02-12 20:00
[main 7480bc5] auto: 2026-02-12 20:01
 2 files changed, 6 insertions(+)
[20:01:39] Committed: auto: 2026-02-12 20:01
[main 6db73b9] auto: 2026-02-12 20:06
 1 file changed, 33 insertions(+), 8 deletions(-)
[20:06:39] Committed: auto: 2026-02-12 20:06
[main baaecda] auto: 2026-02-12 20:07
 1 file changed, 3 insertions(+)
[20:07:39] Committed: auto: 2026-02-12 20:07
[main 3e8fb30] auto: 2026-02-12 20:08
 4 files changed, 111 insertions(+), 111 deletions(-)
[20:08:39] Committed: auto: 2026-02-12 20:08
[main 0c72a9b] auto: 2026-02-12 20:09
 4 files changed, 92 insertions(+), 52 deletions(-)
[20:09:40] Committed: auto: 2026-02-12 20:09
[main 0871db3] auto: 2026-02-12 20:10
 6 files changed, 169 insertions(+), 129 deletions(-)
[20:10:40] Committed: auto: 2026-02-12 20:10
[main 2fe718c] auto: 2026-02-12 20:11
 7 files changed, 123 insertions(+), 74 deletions(-)
[20:11:40] Committed: auto: 2026-02-12 20:11
